<?xml version="1.0" encoding="UTF-8"?>
<!-- Generated by org.testng.reporters.JUnitReportReporter -->
<testsuite hostname="Abhinavs-MacBook-Pro.local" failures="0" tests="5" name="com.project.ratelimit.business.RatelimitBusinessImplTests" time="0.562" errors="0" timestamp="29 Mar 2023 11:43:01 GMT" skipped="0">
  <testcase classname="com.project.ratelimit.business.RatelimitBusinessImplTests" name="checkForNewUser" time="0.001"/>
  <testcase classname="com.project.ratelimit.business.RatelimitBusinessImplTests" name="RateLimitExceededScenario" time="0.284"/>
  <testcase classname="com.project.ratelimit.business.RatelimitBusinessImplTests" name="ifRatelimitExceededForUserOthersNotImpacted" time="0.009"/>
  <testcase classname="com.project.ratelimit.business.RatelimitBusinessImplTests" name="existingUsersEnterprise" time="0.267"/>
  <testcase classname="com.project.ratelimit.business.RatelimitBusinessImplTests" name="existingUsers" time="0.001"/>
</testsuite> <!-- com.project.ratelimit.business.RatelimitBusinessImplTests -->
